<?xml version="1.0" encoding="utf-8"?><testsuites name="pytest tests"><testsuite name="pytest" errors="0" failures="0" skipped="0" tests="25" time="10.358" timestamp="2026-05-30T01:47:10.111192+00:00" hostname="agent-env-80fd932e-ea5b-445e-b8c5-35a0451befe8"><testcase classname="backend.tests.backend_test" name="test_root" time="0.199" /><testcase classname="backend.tests.backend_test" name="test_register_duplicate" time="0.473" /><testcase classname="backend.tests.backend_test" name="test_login_success" time="0.328" /><testcase classname="backend.tests.backend_test" name="test_login_bad_password" time="0.334" /><testcase classname="backend.tests.backend_test" name="test_me_with_token" time="0.136" /><testcase classname="backend.tests.backend_test" name="test_me_no_token" time="0.133" /><testcase classname="backend.tests.backend_test" name="test_google_session_missing_header" time="0.113" /><testcase classname="backend.tests.backend_test" name="test_list_videos_contains_created" time="0.217" /><testcase classname="backend.tests.backend_test" name="test_get_video" time="0.105" /><testcase classname="backend.tests.backend_test" name="test_get_video_requires_auth" time="0.109" /><testcase classname="backend.tests.backend_test" name="test_patch_video" time="0.270" /><testcase classname="backend.tests.backend_test" name="test_track_view_public" time="0.335" /><testcase classname="backend.tests.backend_test" name="test_analytics_overview" time="0.113" /><testcase classname="backend.tests.backend_test" name="test_transcript_status_none_for_url_video" time="0.124" /><testcase classname="backend.tests.backend_test" name="test_transcribe_400_when_no_storage_path" time="0.103" /><testcase classname="backend.tests.backend_test" name="test_transcript_404_other_user" time="0.424" /><testcase classname="backend.tests.backend_test" name="test_heatmap_empty" time="0.104" /><testcase classname="backend.tests.backend_test" name="test_segment_track_and_heatmap_aggregation" time="0.553" /><testcase classname="backend.tests.backend_test" name="test_segment_invalid_index" time="0.104" /><testcase classname="backend.tests.backend_test" name="test_upload_video_creates_record" time="0.255" /><testcase classname="backend.tests.backend_test" name="test_serve_file_returns_bytes" time="1.497" /><testcase classname="backend.tests.backend_test" name="test_serve_file_404_missing" time="0.490" /><testcase classname="backend.tests.backend_test" name="test_uploaded_video_transcript_transitions" time="3.215" /><testcase classname="backend.tests.backend_test" name="test_retrigger_transcribe_on_uploaded" time="0.311" /><testcase classname="backend.tests.backend_test" name="test_delete_video_and_verify" time="0.211" /></testsuite></testsuites>