<?xml version="1.0" encoding="utf-8"?><testsuites name="pytest tests"><testsuite name="pytest" errors="0" failures="2" skipped="0" tests="16" time="5.026" timestamp="2026-05-30T03:57:19.310732+00:00" hostname="agent-env-80fd932e-ea5b-445e-b8c5-35a0451befe8"><testcase classname="backend.tests.test_iter4" name="test_register_sets_looma_session_cookie_with_all_attrs" time="0.393" /><testcase classname="backend.tests.test_iter4" name="test_login_sets_looma_session_cookie" time="0.596" /><testcase classname="backend.tests.test_iter4" name="test_me_with_cookie_only_succeeds" time="0.377" /><testcase classname="backend.tests.test_iter4" name="test_me_with_bearer_only_succeeds" time="0.482" /><testcase classname="backend.tests.test_iter4" name="test_me_without_any_auth_returns_401" time="0.116" /><testcase classname="backend.tests.test_iter4" name="test_logout_clears_cookie_and_subsequent_me_is_401" time="0.488" /><testcase classname="backend.tests.test_iter4" name="test_logout_endpoint_does_not_require_auth" time="0.102" /><testcase classname="backend.tests.test_iter4" name="test_videos_endpoint_with_cookie_only" time="0.401" /><testcase classname="backend.tests.test_iter4" name="test_brand_endpoint_with_cookie_only" time="0.050"><failure message="AssertionError: assert 'primary_color' in {'autoplay': False, 'color': '#FF6B6B', 'default_thumbnail': '', 'logo_text': 'Looma'}">backend/tests/test_iter4.py:162: in test_brand_endpoint_with_cookie_only
    assert k in j
E   AssertionError: assert 'primary_color' in {'autoplay': False, 'color': '#FF6B6B', 'default_thumbnail': '', 'logo_text': 'Looma'}</failure></testcase><testcase classname="backend.tests.test_iter4" name="test_webinars_endpoint_with_cookie_only" time="0.056" /><testcase classname="backend.tests.test_iter4" name="test_google_session_missing_header_returns_400" time="0.097" /><testcase classname="backend.tests.test_iter4" name="test_public_recording_404_when_webinar_missing" time="0.100" /><testcase classname="backend.tests.test_iter4" name="test_public_recording_404_when_not_ended" time="0.200" /><testcase classname="backend.tests.test_iter4" name="test_public_recording_200_when_webinar_ended_with_recording" time="0.410"><failure message="AssertionError: assert 'primary_color' in {'autoplay': False, 'color': '#FF6B6B', 'default_thumbnail': '', 'logo_text': 'Looma'}">backend/tests/test_iter4.py:223: in test_public_recording_200_when_webinar_ended_with_recording
    assert "primary_color" in body["brand"]
E   AssertionError: assert 'primary_color' in {'autoplay': False, 'color': '#FF6B6B', 'default_thumbnail': '', 'logo_text': 'Looma'}</failure></testcase><testcase classname="backend.tests.test_iter4" name="test_files_missing_path_returns_404_or_502_not_500" time="0.477" /><testcase classname="backend.tests.test_iter4" name="test_files_valid_path_serves_content" time="0.589" /></testsuite></testsuites>