<?xml version="1.0" encoding="utf-8"?><testsuites name="pytest tests"><testsuite name="pytest" errors="0" failures="0" skipped="0" tests="6" time="7.149" timestamp="2026-05-31T03:56:41.928053+00:00" hostname="agent-env-bf77b9f9-7b83-4cd9-882b-82b0021ee60b"><testcase classname="backend.tests.test_iter6_extension_request" name="test_upload_accepts_thumbnail_folder_and_creates_private_token" time="0.766" /><testcase classname="backend.tests.test_iter6_extension_request" name="test_private_link_requires_token_and_rotation_invalidates_old_token" time="2.317" /><testcase classname="backend.tests.test_iter6_extension_request" name="test_domain_restrictions_block_disallowed_origin_and_allow_approved_host" time="0.839" /><testcase classname="backend.tests.test_iter6_extension_request" name="test_cta_form_public_overlay_payload_and_lead_capture_visible_in_analytics_and_csv" time="0.977" /><testcase classname="backend.tests.test_iter6_extension_request" name="test_render_clip_external_url_video_fails_gracefully_with_400" time="0.577" /><testcase classname="backend.tests.test_iter6_extension_request" name="test_render_clip_uploaded_video_returns_downloadable_mp4" time="1.591" /></testsuite></testsuites>