<?xml version="1.0" encoding="utf-8"?><testsuites name="pytest tests"><testsuite name="pytest" errors="0" failures="1" skipped="0" tests="93" time="90.835" timestamp="2026-05-31T16:52:28.050344+00:00" hostname="agent-env-e823b2cb-cf5d-4a93-a8f7-a31edeabb0c9"><testcase classname="backend.tests.backend_test" name="test_root" time="0.184" /><testcase classname="backend.tests.backend_test" name="test_register_duplicate" time="0.446" /><testcase classname="backend.tests.backend_test" name="test_login_success" time="0.332" /><testcase classname="backend.tests.backend_test" name="test_login_bad_password" time="0.328" /><testcase classname="backend.tests.backend_test" name="test_me_with_token" time="0.113" /><testcase classname="backend.tests.backend_test" name="test_me_no_token" time="0.102" /><testcase classname="backend.tests.backend_test" name="test_google_session_missing_header" time="0.124" /><testcase classname="backend.tests.backend_test" name="test_list_videos_contains_created" time="0.231" /><testcase classname="backend.tests.backend_test" name="test_get_video" time="0.099" /><testcase classname="backend.tests.backend_test" name="test_get_video_requires_auth" time="0.106" /><testcase classname="backend.tests.backend_test" name="test_patch_video" time="0.220" /><testcase classname="backend.tests.backend_test" name="test_track_view_public" time="0.333" /><testcase classname="backend.tests.backend_test" name="test_analytics_overview" time="0.107" /><testcase classname="backend.tests.backend_test" name="test_transcript_status_none_for_url_video" time="0.105" /><testcase classname="backend.tests.backend_test" name="test_transcribe_400_when_no_storage_path" time="0.104" /><testcase classname="backend.tests.backend_test" name="test_transcript_404_other_user" time="0.443" /><testcase classname="backend.tests.backend_test" name="test_heatmap_empty" time="0.105" /><testcase classname="backend.tests.backend_test" name="test_segment_track_and_heatmap_aggregation" time="0.583" /><testcase classname="backend.tests.backend_test" name="test_segment_invalid_index" time="0.109" /><testcase classname="backend.tests.backend_test" name="test_upload_video_creates_record" time="0.273" /><testcase classname="backend.tests.backend_test" name="test_serve_file_returns_bytes" time="1.516" /><testcase classname="backend.tests.backend_test" name="test_serve_file_404_missing" time="0.481" /><testcase classname="backend.tests.backend_test" name="test_uploaded_video_transcript_transitions" time="0.109" /><testcase classname="backend.tests.backend_test" name="test_retrigger_transcribe_on_uploaded" time="0.214" /><testcase classname="backend.tests.backend_test" name="test_delete_video_and_verify" time="0.215" /><testcase classname="backend.tests.test_iter3.TestBrand" name="test_brand_defaults_for_fresh_user" time="0.433" /><testcase classname="backend.tests.test_iter3.TestBrand" name="test_brand_requires_auth" time="0.121" /><testcase classname="backend.tests.test_iter3.TestBrand" name="test_brand_put_partial_merge_and_persist" time="0.342" /><testcase classname="backend.tests.test_iter3.TestPublicVideo" name="test_public_video_404" time="0.126" /><testcase classname="backend.tests.test_iter3.TestPublicVideo" name="test_public_video_returns_owner_brand" time="0.319" /><testcase classname="backend.tests.test_iter3.TestWebinarCRUD" name="test_create_webinar" time="0.099" /><testcase classname="backend.tests.test_iter3.TestWebinarCRUD" name="test_list_webinars_contains_created" time="0.101" /><testcase classname="backend.tests.test_iter3.TestWebinarCRUD" name="test_get_webinar" time="0.106" /><testcase classname="backend.tests.test_iter3.TestWebinarCRUD" name="test_patch_webinar" time="0.199" /><testcase classname="backend.tests.test_iter3.TestWebinarCRUD" name="test_webinar_owner_isolation" time="0.637" /><testcase classname="backend.tests.test_iter3.TestPublicWebinar" name="test_public_webinar_includes_host_brand" time="0.100" /><testcase classname="backend.tests.test_iter3.TestPublicWebinar" name="test_public_webinar_404" time="0.132" /><testcase classname="backend.tests.test_iter3.TestPublicWebinar" name="test_register_anonymous_increments_count" time="0.116" /><testcase classname="backend.tests.test_iter3.TestPublicWebinar" name="test_register_dedupes_by_email" time="0.108" /><testcase classname="backend.tests.test_iter3.TestPublicWebinar" name="test_register_count_reflected" time="0.222" /><testcase classname="backend.tests.test_iter3.TestPublicWebinar" name="test_register_404_missing_webinar" time="0.106" /><testcase classname="backend.tests.test_iter3.TestWebinarLive" name="test_chunk_upload_requires_auth" time="0.102" /><testcase classname="backend.tests.test_iter3.TestWebinarLive" name="test_chunk_upload_owner_isolation" time="0.117" /><testcase classname="backend.tests.test_iter3.TestWebinarLive" name="test_chunk_upload_flips_status_live" time="1.609" /><testcase classname="backend.tests.test_iter3.TestWebinarLive" name="test_public_webinar_exposes_chunks_when_live" time="0.109" /><testcase classname="backend.tests.test_iter3.TestWebinarLive" name="test_end_webinar_creates_video_record" time="0.205" /><testcase classname="backend.tests.test_iter3.TestWebinarLive" name="test_public_webinar_hides_chunks_when_ended" time="0.101" /><testcase classname="backend.tests.test_iter3.TestAdminExport" name="test_export_returns_all_keys" time="0.093" /><testcase classname="backend.tests.test_iter3.TestAdminExport" name="test_export_requires_auth" time="0.104" /><testcase classname="backend.tests.test_iter3.TestWebinarDeleteCascade" name="test_delete_webinar_removes_registrations" time="0.676" /><testcase classname="backend.tests.test_iter4" name="test_register_sets_looma_session_cookie_with_all_attrs" time="0.330" /><testcase classname="backend.tests.test_iter4" name="test_login_sets_looma_session_cookie" time="0.596" /><testcase classname="backend.tests.test_iter4" name="test_me_with_cookie_only_succeeds" time="0.390" /><testcase classname="backend.tests.test_iter4" name="test_me_with_bearer_only_succeeds" time="0.420" /><testcase classname="backend.tests.test_iter4" name="test_me_without_any_auth_returns_401" time="0.113" /><testcase classname="backend.tests.test_iter4" name="test_logout_clears_cookie_and_subsequent_me_is_401" time="0.462" /><testcase classname="backend.tests.test_iter4" name="test_logout_endpoint_does_not_require_auth" time="0.102" /><testcase classname="backend.tests.test_iter4" name="test_videos_endpoint_with_cookie_only" time="0.384" /><testcase classname="backend.tests.test_iter4" name="test_brand_endpoint_with_cookie_only" time="0.047" /><testcase classname="backend.tests.test_iter4" name="test_webinars_endpoint_with_cookie_only" time="0.048" /><testcase classname="backend.tests.test_iter4" name="test_google_session_missing_header_returns_400" time="0.123" /><testcase classname="backend.tests.test_iter4" name="test_public_recording_404_when_webinar_missing" time="0.136" /><testcase classname="backend.tests.test_iter4" name="test_public_recording_404_when_not_ended" time="0.205" /><testcase classname="backend.tests.test_iter4" name="test_public_recording_200_when_webinar_ended_with_recording" time="0.486" /><testcase classname="backend.tests.test_iter4" name="test_files_missing_path_returns_404_or_502_not_500" time="0.463" /><testcase classname="backend.tests.test_iter4" name="test_files_valid_path_serves_content" time="0.442" /><testcase classname="backend.tests.test_iter5_review_request" name="test_auth_and_protected_access" time="0.436" /><testcase classname="backend.tests.test_iter5_review_request" name="test_channels_crud_and_video_management" time="1.203" /><testcase classname="backend.tests.test_iter5_review_request" name="test_comments_add_resolve_delete" time="0.972" /><testcase classname="backend.tests.test_iter5_review_request" name="test_cta_create_list_delete" time="0.896" /><testcase classname="backend.tests.test_iter5_review_request" name="test_clips_endpoint_response_shape" time="0.579" /><testcase classname="backend.tests.test_iter5_review_request" name="test_editor_patch_and_brand_persistence" time="0.850" /><testcase classname="backend.tests.test_iter5_review_request" name="test_analytics_leads_shape_and_auth" time="0.549" /><testcase classname="backend.tests.test_iter5_review_request" name="test_public_password_unlock_flow_and_rss_feed" time="7.748" /><testcase classname="backend.tests.test_iter6_extension_request" name="test_upload_accepts_thumbnail_folder_and_creates_private_token" time="0.658" /><testcase classname="backend.tests.test_iter6_extension_request" name="test_private_link_requires_token_and_rotation_invalidates_old_token" time="1.135" /><testcase classname="backend.tests.test_iter6_extension_request" name="test_domain_restrictions_block_disallowed_origin_and_allow_approved_host" time="0.932" /><testcase classname="backend.tests.test_iter6_extension_request" name="test_cta_form_public_overlay_payload_and_lead_capture_visible_in_analytics_and_csv" time="0.967" /><testcase classname="backend.tests.test_iter6_extension_request" name="test_render_clip_external_url_video_fails_gracefully_with_400" time="0.542" /><testcase classname="backend.tests.test_iter6_extension_request" name="test_render_clip_uploaded_video_returns_downloadable_mp4" time="31.302"><failure message="AssertionError: {&quot;detail&quot;:&quot;Clip render failed: 500 Server Error: Internal Server Error for url: https://integrations.emergentagent.com/objstore/api/v1/storage/objects/looma/clips/ea32725b-6181-4163-a0dd-c9b2&quot;}&#10;assert 500 == 200&#10; +  where 500 = &lt;Response [500]&gt;.status_code">E   AssertionError: {"detail":"Clip render failed: 500 Server Error: Internal Server Error for url: https://integrations.emergentagent.com/objstore/api/v1/storage/objects/looma/clips/ea32725b-6181-4163-a0dd-c9b2"}
    assert 500 == 200
     +  where 500 = &lt;Response [500]&gt;.status_code</failure></testcase><testcase classname="backend.tests.test_iter7_audit_gaps.TestMusicTracks" name="test_list_music_tracks" time="0.609" /><testcase classname="backend.tests.test_iter7_audit_gaps.TestMusicTracks" name="test_list_music_tracks_missing_video" time="0.135" /><testcase classname="backend.tests.test_iter7_audit_gaps.TestMusicMix" name="test_mix_calm_creates_new_video" time="3.777" /><testcase classname="backend.tests.test_iter7_audit_gaps.TestMusicMix" name="test_mix_404_when_video_missing" time="0.105" /><testcase classname="backend.tests.test_iter7_audit_gaps.TestMusicMix" name="test_mix_400_invalid_track" time="0.122" /><testcase classname="backend.tests.test_iter7_audit_gaps.TestMusicMix" name="test_mix_400_for_non_uploaded" time="0.224" /><testcase classname="backend.tests.test_iter7_audit_gaps.TestTrim" name="test_trim_two_segments" time="0.825" /><testcase classname="backend.tests.test_iter7_audit_gaps.TestTrim" name="test_trim_400_empty_keep" time="0.139" /><testcase classname="backend.tests.test_iter7_audit_gaps.TestTrim" name="test_trim_400_invalid_segment" time="0.108" /><testcase classname="backend.tests.test_iter7_audit_gaps.TestTrim" name="test_trim_400_non_uploaded" time="0.206" /><testcase classname="backend.tests.test_iter7_audit_gaps.TestClipRender" name="test_render_clip_returns_url" time="17.295" /><testcase classname="backend.tests.test_iter7_audit_gaps.TestRegression" name="test_videos_list" time="0.196" /><testcase classname="backend.tests.test_iter7_audit_gaps.TestRegression" name="test_me" time="0.109" /></testsuite></testsuites>