<?xml version="1.0" encoding="utf-8"?><testsuites name="pytest tests"><testsuite name="pytest" errors="0" failures="0" skipped="0" tests="66" time="84.948" timestamp="2026-05-31T03:20:43.916331+00:00" hostname="agent-env-bf77b9f9-7b83-4cd9-882b-82b0021ee60b"><testcase classname="backend.tests.backend_test" name="test_root" time="0.143" /><testcase classname="backend.tests.backend_test" name="test_register_duplicate" time="0.442" /><testcase classname="backend.tests.backend_test" name="test_login_success" time="0.329" /><testcase classname="backend.tests.backend_test" name="test_login_bad_password" time="0.334" /><testcase classname="backend.tests.backend_test" name="test_me_with_token" time="0.113" /><testcase classname="backend.tests.backend_test" name="test_me_no_token" time="0.104" /><testcase classname="backend.tests.backend_test" name="test_google_session_missing_header" time="0.103" /><testcase classname="backend.tests.backend_test" name="test_list_videos_contains_created" time="0.208" /><testcase classname="backend.tests.backend_test" name="test_get_video" time="0.101" /><testcase classname="backend.tests.backend_test" name="test_get_video_requires_auth" time="0.115" /><testcase classname="backend.tests.backend_test" name="test_patch_video" time="0.228" /><testcase classname="backend.tests.backend_test" name="test_track_view_public" time="0.327" /><testcase classname="backend.tests.backend_test" name="test_analytics_overview" time="0.106" /><testcase classname="backend.tests.backend_test" name="test_transcript_status_none_for_url_video" time="0.104" /><testcase classname="backend.tests.backend_test" name="test_transcribe_400_when_no_storage_path" time="0.105" /><testcase classname="backend.tests.backend_test" name="test_transcript_404_other_user" time="0.457" /><testcase classname="backend.tests.backend_test" name="test_heatmap_empty" time="0.125" /><testcase classname="backend.tests.backend_test" name="test_segment_track_and_heatmap_aggregation" time="0.539" /><testcase classname="backend.tests.backend_test" name="test_segment_invalid_index" time="0.103" /><testcase classname="backend.tests.backend_test" name="test_upload_video_creates_record" time="0.352" /><testcase classname="backend.tests.backend_test" name="test_serve_file_returns_bytes" time="0.191" /><testcase classname="backend.tests.backend_test" name="test_serve_file_404_missing" time="0.720" /><testcase classname="backend.tests.backend_test" name="test_uploaded_video_transcript_transitions" time="0.133" /><testcase classname="backend.tests.backend_test" name="test_retrigger_transcribe_on_uploaded" time="68.687" /><testcase classname="backend.tests.backend_test" name="test_delete_video_and_verify" time="0.213" /><testcase classname="backend.tests.test_iter3.TestBrand" name="test_brand_defaults_for_fresh_user" time="0.419" /><testcase classname="backend.tests.test_iter3.TestBrand" name="test_brand_requires_auth" time="0.106" /><testcase classname="backend.tests.test_iter3.TestBrand" name="test_brand_put_partial_merge_and_persist" time="0.317" /><testcase classname="backend.tests.test_iter3.TestPublicVideo" name="test_public_video_404" time="0.102" /><testcase classname="backend.tests.test_iter3.TestPublicVideo" name="test_public_video_returns_owner_brand" time="0.340" /><testcase classname="backend.tests.test_iter3.TestWebinarCRUD" name="test_create_webinar" time="0.108" /><testcase classname="backend.tests.test_iter3.TestWebinarCRUD" name="test_list_webinars_contains_created" time="0.121" /><testcase classname="backend.tests.test_iter3.TestWebinarCRUD" name="test_get_webinar" time="0.118" /><testcase classname="backend.tests.test_iter3.TestWebinarCRUD" name="test_patch_webinar" time="0.219" /><testcase classname="backend.tests.test_iter3.TestWebinarCRUD" name="test_webinar_owner_isolation" time="0.642" /><testcase classname="backend.tests.test_iter3.TestPublicWebinar" name="test_public_webinar_includes_host_brand" time="0.122" /><testcase classname="backend.tests.test_iter3.TestPublicWebinar" name="test_public_webinar_404" time="0.108" /><testcase classname="backend.tests.test_iter3.TestPublicWebinar" name="test_register_anonymous_increments_count" time="0.104" /><testcase classname="backend.tests.test_iter3.TestPublicWebinar" name="test_register_dedupes_by_email" time="0.114" /><testcase classname="backend.tests.test_iter3.TestPublicWebinar" name="test_register_count_reflected" time="0.206" /><testcase classname="backend.tests.test_iter3.TestPublicWebinar" name="test_register_404_missing_webinar" time="0.123" /><testcase classname="backend.tests.test_iter3.TestWebinarLive" name="test_chunk_upload_requires_auth" time="0.100" /><testcase classname="backend.tests.test_iter3.TestWebinarLive" name="test_chunk_upload_owner_isolation" time="0.126" /><testcase classname="backend.tests.test_iter3.TestWebinarLive" name="test_chunk_upload_flips_status_live" time="0.718" /><testcase classname="backend.tests.test_iter3.TestWebinarLive" name="test_public_webinar_exposes_chunks_when_live" time="0.110" /><testcase classname="backend.tests.test_iter3.TestWebinarLive" name="test_end_webinar_creates_video_record" time="0.209" /><testcase classname="backend.tests.test_iter3.TestWebinarLive" name="test_public_webinar_hides_chunks_when_ended" time="0.100" /><testcase classname="backend.tests.test_iter3.TestAdminExport" name="test_export_returns_all_keys" time="0.126" /><testcase classname="backend.tests.test_iter3.TestAdminExport" name="test_export_requires_auth" time="0.121" /><testcase classname="backend.tests.test_iter3.TestWebinarDeleteCascade" name="test_delete_webinar_removes_registrations" time="0.610" /><testcase classname="backend.tests.test_iter4" name="test_register_sets_looma_session_cookie_with_all_attrs" time="0.341" /><testcase classname="backend.tests.test_iter4" name="test_login_sets_looma_session_cookie" time="0.608" /><testcase classname="backend.tests.test_iter4" name="test_me_with_cookie_only_succeeds" time="0.417" /><testcase classname="backend.tests.test_iter4" name="test_me_with_bearer_only_succeeds" time="0.429" /><testcase classname="backend.tests.test_iter4" name="test_me_without_any_auth_returns_401" time="0.103" /><testcase classname="backend.tests.test_iter4" name="test_logout_clears_cookie_and_subsequent_me_is_401" time="0.475" /><testcase classname="backend.tests.test_iter4" name="test_logout_endpoint_does_not_require_auth" time="0.095" /><testcase classname="backend.tests.test_iter4" name="test_videos_endpoint_with_cookie_only" time="0.380" /><testcase classname="backend.tests.test_iter4" name="test_brand_endpoint_with_cookie_only" time="0.054" /><testcase classname="backend.tests.test_iter4" name="test_webinars_endpoint_with_cookie_only" time="0.054" /><testcase classname="backend.tests.test_iter4" name="test_google_session_missing_header_returns_400" time="0.107" /><testcase classname="backend.tests.test_iter4" name="test_public_recording_404_when_webinar_missing" time="0.106" /><testcase classname="backend.tests.test_iter4" name="test_public_recording_404_when_not_ended" time="0.209" /><testcase classname="backend.tests.test_iter4" name="test_public_recording_200_when_webinar_ended_with_recording" time="0.535" /><testcase classname="backend.tests.test_iter4" name="test_files_missing_path_returns_404_or_502_not_500" time="0.495" /><testcase classname="backend.tests.test_iter4" name="test_files_valid_path_serves_content" time="0.569" /></testsuite></testsuites>