<?xml version="1.0" encoding="utf-8"?><testsuites name="pytest tests"><testsuite name="pytest" errors="0" failures="0" skipped="0" tests="13" time="6.006" timestamp="2026-05-31T16:52:06.536746+00:00" hostname="agent-env-e823b2cb-cf5d-4a93-a8f7-a31edeabb0c9"><testcase classname="backend.tests.test_iter7_audit_gaps.TestMusicTracks" name="test_list_music_tracks" time="1.139" /><testcase classname="backend.tests.test_iter7_audit_gaps.TestMusicTracks" name="test_list_music_tracks_missing_video" time="0.105" /><testcase classname="backend.tests.test_iter7_audit_gaps.TestMusicMix" name="test_mix_calm_creates_new_video" time="0.655" /><testcase classname="backend.tests.test_iter7_audit_gaps.TestMusicMix" name="test_mix_404_when_video_missing" time="0.113" /><testcase classname="backend.tests.test_iter7_audit_gaps.TestMusicMix" name="test_mix_400_invalid_track" time="0.105" /><testcase classname="backend.tests.test_iter7_audit_gaps.TestMusicMix" name="test_mix_400_for_non_uploaded" time="0.207" /><testcase classname="backend.tests.test_iter7_audit_gaps.TestTrim" name="test_trim_two_segments" time="0.892" /><testcase classname="backend.tests.test_iter7_audit_gaps.TestTrim" name="test_trim_400_empty_keep" time="0.112" /><testcase classname="backend.tests.test_iter7_audit_gaps.TestTrim" name="test_trim_400_invalid_segment" time="0.125" /><testcase classname="backend.tests.test_iter7_audit_gaps.TestTrim" name="test_trim_400_non_uploaded" time="0.262" /><testcase classname="backend.tests.test_iter7_audit_gaps.TestClipRender" name="test_render_clip_returns_url" time="1.987" /><testcase classname="backend.tests.test_iter7_audit_gaps.TestRegression" name="test_videos_list" time="0.119" /><testcase classname="backend.tests.test_iter7_audit_gaps.TestRegression" name="test_me" time="0.104" /></testsuite></testsuites>